2018-12-09 19:06:18 info [login.js]: new connection from user: 12
2018-12-09 19:06:22 info [login.js]: Access to user 12 historic
2018-12-09 19:06:31 info [login.js]: Access to user 12 historic
2018-12-09 19:06:31 info [login.js]: Access to user 12 historic
2018-12-09 19:09:09 warn [login.js]: cookie already sent to: 12
2018-12-09 19:09:12 warn [login.js]: cookie already sent to: 12
2018-12-09 19:09:23 info [login.js]: new connection from user: 12
2018-12-09 19:09:26 info [login.js]: The user: 12 has been logged out
2018-12-09 19:11:16 info [login.js]: new connection from user: 12
2018-12-09 19:12:04 info [login.js]: The user: undefined has been logged out
2018-12-09 19:13:04 info [login.js]: new connection from user: 12
2018-12-09 19:13:07 info [login.js]: The user: 12 has been logged out
2018-12-09 19:17:21 info [login.js]: new connection from user: 12
2018-12-09 19:17:26 info [login.js]: The user: 12 has been logged out
2018-12-09 19:18:14 info [login.js]: The user: undefined has been logged out
2018-12-09 19:18:15 info [login.js]: The user: undefined has been logged out
2018-12-09 19:18:16 info [login.js]: The user: undefined has been logged out
2018-12-09 19:18:16 info [login.js]: The user: undefined has been logged out
2018-12-09 19:18:16 info [login.js]: The user: undefined has been logged out
2018-12-09 19:18:16 info [login.js]: The user: undefined has been logged out
2018-12-09 19:19:01 info [login.js]: The user: undefined has been logged out
2018-12-09 19:21:39 info [login.js]: new connection from user: 12
2018-12-09 19:21:41 info [login.js]: The user: 12 has been logged out
2018-12-09 19:25:12 info [login.js]: new connection from user: 12
2018-12-09 19:25:16 info [login.js]: The user: 12 has been logged out
2018-12-09 19:25:19 info [login.js]: The user: 12 has been logged out
2018-12-09 19:25:20 info [login.js]: The user: 12 has been logged out
2018-12-09 19:25:20 info [login.js]: The user: 12 has been logged out
2018-12-09 19:25:20 info [login.js]: The user: 12 has been logged out
2018-12-09 19:25:20 info [login.js]: The user: 12 has been logged out
2018-12-09 19:26:59 warn [login.js]: cookie already sent to: 12
2018-12-09 19:27:19 info [login.js]: new connection from user: 12
2018-12-09 19:27:21 info [login.js]: The user: 12 has been logged out
2018-12-09 19:28:15 info [login.js]: new connection from user: 12
2018-12-09 19:28:17 info [login.js]: The user: 12 has been logged out
2018-12-09 19:28:33 info [login.js]: The user: 12 has been logged out
2018-12-09 19:28:34 info [login.js]: The user: 12 has been logged out
2018-12-09 19:28:34 info [login.js]: The user: 12 has been logged out
2018-12-09 19:28:34 info [login.js]: The user: 12 has been logged out
2018-12-09 19:28:34 info [login.js]: The user: 12 has been logged out
2018-12-09 19:29:48 info [login.js]: new connection from user: 12
2018-12-09 19:29:50 info [login.js]: The user: 12 has been logged out
2018-12-09 19:31:38 info [login.js]: new connection from user: 12
2018-12-09 19:31:40 info [login.js]: The user: 12 has been logged out
2018-12-09 19:32:02 warn [login.js]: cookie already sent to: 12
2018-12-11 09:24:32 info [login.js]: new connection from user: 12
2018-12-11 09:24:35 info [login.js]: Access to user 12 historic
2018-12-11 09:24:38 info [login.js]: The user: 12 has been logged out
2018-12-11 09:24:43 info [login.js]: The user: 12 has been logged out
2018-12-11 09:29:30 info [login.js]: new connection from user: 12
2018-12-11 09:30:08 info [login.js]: The user: 12 has been logged out
2018-12-11 09:30:10 info [login.js]: The user: 12 has been logged out
2018-12-11 09:30:11 info [login.js]: The user: 12 has been logged out
2018-12-11 09:30:11 info [login.js]: The user: 12 has been logged out
2018-12-11 09:30:11 info [login.js]: The user: 12 has been logged out
2018-12-11 09:30:12 info [login.js]: The user: 12 has been logged out
2018-12-11 09:32:11 info [login.js]: The user: 12 has been logged out
2018-12-11 09:32:11 info [login.js]: The user: 12 has been logged out
2018-12-11 09:32:11 info [login.js]: The user: 12 has been logged out
2018-12-11 09:32:11 info [login.js]: The user: 12 has been logged out
2018-12-11 09:32:12 info [login.js]: The user: 12 has been logged out
2018-12-11 09:32:12 info [login.js]: The user: 12 has been logged out
2018-12-11 09:33:23 info [login.js]: new connection from user: 12
2018-12-11 09:33:25 info [login.js]: The user: 12 has been logged out
2018-12-11 09:37:23 info [login.js]: new connection from user: 12
2018-12-11 09:37:26 info [login.js]: The user: 12 has been logged out
2018-12-11 09:39:26 info [login.js]: The user: 12 has been logged out
2018-12-11 09:48:53 info [login.js]: new connection from user: 12
2018-12-11 09:52:17 info [login.js]: The user: 12 has been logged out
2018-12-11 09:52:36 info [login.js]: new connection from user: 12
2018-12-11 09:52:43 info [login.js]: The user: 12 has been logged out
2018-12-11 09:53:00 info [login.js]: new connection from user: 12
2018-12-11 09:53:03 info [login.js]: Access to user 12 historic
2018-12-11 09:56:43 info [login.js]: The user: 12 has been logged out
2018-12-11 09:56:53 info [login.js]: new connection from user: 12
2018-12-11 09:56:55 info [login.js]: Access to user 12 historic
2018-12-11 09:57:21 info [login.js]: The user: 12 has been logged out
2018-12-11 09:57:37 info [login.js]: new connection from user: 12
2018-12-11 09:57:43 info [login.js]: Access to user 12 historic
2018-12-11 09:57:53 info [login.js]: Access to user 12 historic
2018-12-11 09:57:55 info [login.js]: Access to user 12 historic
2018-12-11 10:06:07 info [login.js]: new connection from user: 12
2018-12-11 10:06:09 info [login.js]: Access to user 12 historic
2018-12-11 10:30:32 info [login.js]: new connection from user: 12
2018-12-11 10:30:34 info [login.js]: Access to user 12 historic
2018-12-11 10:30:52 info [login.js]: The user: 12 has been logged out
2018-12-11 14:03:16 info [login.js]: new connection from user: 12
2018-12-11 14:03:18 info [login.js]: Access to user 12 historic
2018-12-11 15:00:03 warn [login.js]: cookie already sent to: 12
2018-12-11 15:01:10 info [login.js]: new connection from user: 12
2018-12-11 15:01:13 info [login.js]: Access to user 12 historic
2018-12-11 15:09:23 info [login.js]: Access to user 12 historic
2018-12-11 15:41:58 warn [login.js]: cookie already sent to: 12
2018-12-11 15:42:38 warn [login.js]: cookie already sent to: 12
2018-12-11 15:42:56 warn [login.js]: cookie already sent to: 12
2018-12-11 15:43:10 warn [login.js]: cookie already sent to: 12
2018-12-11 15:43:46 info [login.js]: new connection from user: 12
2018-12-11 15:44:00 info [login.js]: Access to user 12 historic
2018-12-11 15:44:45 info [login.js]: The user: 12 has been logged out
2018-12-11 15:45:09 info [login.js]: new connection from user: 12
2018-12-11 15:45:10 info [login.js]: Access to user 12 historic
2018-12-11 15:45:51 info [login.js]: The user: 12 has been logged out
2018-12-11 15:46:02 info [login.js]: new connection from user: 12
2018-12-11 15:46:41 info [login.js]: The user: 12 has been logged out
2018-12-11 15:50:27 info [login.js]: Access to user undefined historic
2018-12-11 16:01:50 info [login.js]: Access to user undefined historic
2018-12-11 16:02:59 info [login.js]: Access to user undefined historic
2018-12-11 16:04:00 info [login.js]: Access to user undefined historic
2018-12-11 16:05:13 info [login.js]: Access to user undefined historic
2018-12-11 16:10:12 info [login.js]: Access to user undefined historic
2018-12-11 16:10:13 info [login.js]: Access to user undefined historic
2018-12-11 16:14:54 info [login.js]: Access to user undefined historic
2018-12-11 16:15:33 info [login.js]: Access to user undefined historic
2018-12-11 16:32:34 info [login.js]: Access to user undefined historic
2018-12-11 16:34:02 info [login.js]: Access to user undefined historic
2018-12-11 16:34:03 info [login.js]: Access to user undefined historic
2018-12-11 16:34:31 info [login.js]: Access to user undefined historic
2018-12-11 16:34:52 info [login.js]: Access to user undefined historic
2018-12-11 16:34:52 info [login.js]: updating data for user undefined
2018-12-11 16:38:15 info [login.js]: Access to user undefined historic
2018-12-11 16:38:25 info [login.js]: Access to user undefined historic
2018-12-11 16:38:25 info [login.js]: updating data for user undefined
2018-12-11 16:41:30 info [login.js]: Access to user undefined historic
2018-12-11 16:52:22 info [login.js]: Access to user undefined historic
2018-12-11 16:57:10 info [login.js]: Access to user undefined historic
2018-12-11 16:59:14 info [login.js]: Access to user undefined historic
2018-12-11 17:02:19 info [login.js]: Access to user undefined historic
2018-12-11 17:02:32 info [login.js]: Access to user undefined historic
2018-12-11 17:02:49 info [login.js]: Access to user undefined historic
2018-12-11 17:02:58 info [login.js]: Access to user undefined historic
2018-12-11 17:03:13 info [login.js]: Access to user undefined historic
2018-12-11 17:04:04 info [login.js]: Access to user undefined historic
2018-12-11 17:06:08 info [login.js]: Access to user undefined historic
2018-12-11 17:06:52 info [login.js]: Access to user undefined historic
2018-12-11 17:06:59 info [login.js]: Access to user undefined historic
2018-12-11 17:07:10 info [login.js]: Access to user undefined historic
2018-12-11 17:10:09 info [login.js]: Access to user undefined historic
2018-12-11 17:10:50 info [login.js]: Access to user undefined historic
2018-12-11 17:11:02 info [login.js]: Access to user undefined historic
2018-12-11 17:11:16 info [login.js]: Access to user undefined historic
2018-12-11 17:12:03 info [login.js]: Access to user undefined historic
2018-12-11 17:16:06 info [login.js]: Access to user undefined historic
2018-12-11 21:24:33 info [login.js]: new connection from user: 12
2018-12-11 21:24:37 info [login.js]: Access to user 12 historic
2018-12-11 21:24:39 info [login.js]: The user: 12 has been logged out
2018-12-11 23:11:08 info [login.js]: Access to user undefined historic
2018-12-11 23:18:34 info [login.js]: Access to user undefined historic
2018-12-11 23:24:27 info [login.js]: Access to user undefined historic
2018-12-11 23:25:15 info [login.js]: Access to user undefined historic
2018-12-11 23:25:47 info [login.js]: Access to user undefined historic
2018-12-11 23:30:58 info [login.js]: Access to user undefined historic
2018-12-11 23:31:16 info [login.js]: Access to user undefined historic
2018-12-11 23:32:51 info [login.js]: Access to user undefined historic
2018-12-11 23:33:50 info [login.js]: Access to user undefined historic
2018-12-11 23:34:44 info [login.js]: Access to user undefined historic
2018-12-11 23:35:19 info [login.js]: Access to user undefined historic
2018-12-11 23:38:51 info [login.js]: Access to user undefined historic
2018-12-12 11:24:59 info [login.js]: Access to user undefined historic
2018-12-12 11:27:00 info [login.js]: Access to user undefined historic
2018-12-12 11:27:02 info [login.js]: updating data for user undefined
2018-12-12 11:29:54 info [login.js]: Access to user undefined historic
2018-12-12 11:32:11 info [login.js]: Access to user undefined historic
2018-12-12 11:32:14 info [login.js]: updating data for user undefined
2018-12-12 11:32:48 info [login.js]: updating data for user undefined
2018-12-12 11:32:48 info [login.js]: updating data for user undefined
2018-12-12 11:32:48 info [login.js]: updating data for user undefined
2018-12-12 11:32:48 info [login.js]: updating data for user undefined
2018-12-12 11:32:49 info [login.js]: updating data for user undefined
2018-12-12 11:32:49 info [login.js]: updating data for user undefined
2018-12-12 11:32:49 info [login.js]: updating data for user undefined
2018-12-12 11:32:49 info [login.js]: updating data for user undefined
2018-12-12 11:33:02 info [login.js]: updating data for user undefined
2018-12-12 11:34:18 info [login.js]: Access to user undefined historic
2018-12-12 11:34:59 info [login.js]: Access to user undefined historic
2018-12-12 11:35:07 info [login.js]: updating data for user undefined
2018-12-12 11:35:59 info [login.js]: Access to user undefined historic
2018-12-12 11:36:01 info [login.js]: Access to user undefined historic
2018-12-12 11:39:01 info [login.js]: Access to user undefined historic
2018-12-12 11:39:25 info [login.js]: Access to user undefined historic
2018-12-12 11:39:47 info [login.js]: Access to user undefined historic
2018-12-12 11:40:28 info [login.js]: Access to user undefined historic
2018-12-12 11:41:01 info [login.js]: Access to user undefined historic
2018-12-12 11:41:22 info [login.js]: Access to user undefined historic
2018-12-12 11:51:19 info [login.js]: Access to user undefined historic
2018-12-12 11:51:39 info [login.js]: Access to user undefined historic
2018-12-12 11:52:53 info [login.js]: Access to user undefined historic
2018-12-12 11:53:12 info [login.js]: Access to user undefined historic
2018-12-12 11:54:06 info [login.js]: updating data for user undefined
